<?xml version="1.0" encoding="UTF-8"?>
<!-- Generated by org.testng.reporters.JUnitReportReporter -->
<testsuite hostname="DESKTOP-KL6QIL0" failures="0" tests="1" name="com.mycompany.app.my_selenium_app_2.AppTest" time="0.017" errors="0" timestamp="2022-08-15T18:38:34 IST" skipped="0">
  <testcase classname="com.mycompany.app.my_selenium_app_2.AppTest" name="shouldAnswerWithTrue" time="0.017"/>
  <system-out/>
</testsuite> <!-- com.mycompany.app.my_selenium_app_2.AppTest -->
