<?xml version="1.0" encoding="UTF-8"?>
<!-- Generated by org.testng.reporters.JUnitReportReporter -->
<testsuite hostname="DESKTOP-KL6QIL0" failures="0" tests="2" name="com.mycompany.app.my_selenium_app_2.NewTest1" time="11.734" errors="0" timestamp="2022-08-15T18:39:32 IST" skipped="0">
  <testcase classname="com.mycompany.app.my_selenium_app_2.NewTest1" name="launchBrowser" time="10.522"/>
  <system-out/>
  <testcase classname="com.mycompany.app.my_selenium_app_2.NewTest1" name="loginnaukri" time="1.212"/>
  <system-out/>
</testsuite> <!-- com.mycompany.app.my_selenium_app_2.NewTest1 -->
